[2015-02-05 15:29:10] START
[2015-02-15 23:51:54] EDIT cs183/models/tables.py: 0
[2015-02-15 23:53:05] EDIT cs183/models/tables.py: 0
[2015-02-16 20:57:35] EDIT cs183/views/default/index.html: -28
[2015-02-16 21:01:18] EDIT cs183/views/default/index.html: 3
[2015-02-16 21:01:30] EDIT cs183/views/default/index.html: -1
[2015-02-16 21:01:41] EDIT cs183/views/default/index.html: 0
[2015-02-16 21:01:51] EDIT cs183/views/default/index.html: 0
[2015-02-16 21:01:55] EDIT cs183/views/default/index.html: 0
[2015-02-16 21:02:26] EDIT cs183/views/default/index.html: 0
[2015-02-16 21:02:44] EDIT cs183/views/default/index.html: 0
[2015-02-16 21:02:52] EDIT cs183/views/default/index.html: 0
[2015-02-16 21:03:03] EDIT cs183/views/default/index.html: 0
[2015-02-16 21:03:28] EDIT cs183/views/default/index.html: -1
[2015-02-16 21:03:51] CREATE default/profile.html: 0
[2015-02-16 21:08:56] EDIT cs183/controllers/default.py: 2
[2015-02-16 21:09:04] EDIT cs183/controllers/default.py: 1
[2015-02-16 21:18:40] EDIT cs183/controllers/default.py: 10
[2015-02-16 21:20:02] EDIT cs183/views/default/profile.html: 0
[2015-02-16 21:21:02] EDIT cs183/controllers/default.py: 0
[2015-02-16 21:25:02] EDIT cs183/controllers/default.py: 6
[2015-02-16 21:30:30] EDIT cs183/models/tables.py: 17
[2015-02-16 21:30:38] EDIT cs183/controllers/default.py: 0
[2015-02-16 21:30:43] EDIT cs183/controllers/default.py: 0
[2015-02-16 21:31:08] EDIT cs183/models/tables.py: 0
[2015-02-16 21:31:32] EDIT cs183/models/tables.py: 0
[2015-02-16 21:32:00] EDIT cs183/models/tables.py: 1
[2015-02-17 14:02:56] EDIT cs183/models/tables.py: 0
[2015-02-17 14:04:01] EDIT cs183/models/tables.py: 0
[2015-02-18 19:31:12] EDIT cs183/views/layout.html: 2
[2015-02-18 19:33:31] EDIT cs183/views/layout.html: 1
[2015-02-18 19:34:07] EDIT cs183/views/layout.html: 2
[2015-02-18 19:35:42] EDIT cs183/views/layout.html: 0
[2015-02-18 19:36:09] EDIT cs183/views/layout.html: 0
[2015-02-18 19:36:35] EDIT cs183/views/layout.html: 0
[2015-02-18 19:39:21] EDIT cs183/views/layout.html: 0
[2015-02-18 19:48:16] EDIT cs183/views/layout.html: 3
[2015-02-18 19:48:18] EDIT cs183/views/layout.html: 0
[2015-02-18 19:49:15] EDIT cs183/views/layout.html: 0
[2015-02-18 19:49:42] EDIT cs183/views/layout.html: 0
[2015-03-01 22:38:33] EDIT cs183/views/default/index.html: 2
[2015-03-01 22:38:45] EDIT cs183/views/default/index.html: -1
[2015-03-01 22:39:09] EDIT cs183/views/default/index.html: 0
[2015-03-01 22:39:16] EDIT cs183/views/default/index.html: 0
[2015-03-01 22:40:31] EDIT cs183/views/default/index.html: 0
[2015-03-01 22:40:48] EDIT cs183/views/default/index.html: 0
[2015-03-01 22:41:22] EDIT cs183/views/default/index.html: 2
[2015-03-01 22:41:31] EDIT cs183/views/default/index.html: 0
[2015-03-01 22:41:47] EDIT cs183/views/default/index.html: 0
[2015-03-01 22:41:54] EDIT cs183/views/default/index.html: 0
[2015-03-01 22:41:59] EDIT cs183/views/default/index.html: 0
[2015-03-01 22:42:08] EDIT cs183/views/default/index.html: 0
[2015-03-01 22:42:25] EDIT cs183/views/default/index.html: 0
[2015-03-01 22:42:36] EDIT cs183/views/default/index.html: 0
[2015-03-01 22:42:38] EDIT cs183/views/default/index.html: 0
[2015-03-01 22:56:13] EDIT cs183/views/default/index.html: 3
[2015-03-01 22:56:59] EDIT cs183/views/default/index.html: 0
[2015-03-01 22:57:39] EDIT cs183/views/default/index.html: 0
[2015-03-01 22:57:51] EDIT cs183/views/default/index.html: 0
[2015-03-01 22:58:02] EDIT cs183/views/default/index.html: 0
[2015-03-01 22:59:22] EDIT cs183/views/default/index.html: 0
[2015-03-01 23:01:25] EDIT cs183/views/default/index.html: 0
[2015-03-01 23:01:37] EDIT cs183/views/default/index.html: 0
[2015-03-01 23:01:55] EDIT cs183/views/default/index.html: 0
[2015-03-01 23:02:02] EDIT cs183/views/default/index.html: 0
[2015-03-01 23:02:04] EDIT cs183/views/default/index.html: 0
[2015-03-01 23:02:12] EDIT cs183/views/default/index.html: 0
[2015-03-01 23:02:14] EDIT cs183/views/default/index.html: 0
[2015-03-01 23:02:23] EDIT cs183/views/default/index.html: 0
[2015-03-01 23:02:31] EDIT cs183/views/default/index.html: 0
[2015-03-01 23:02:47] EDIT cs183/views/default/index.html: 0
[2015-03-01 23:02:57] EDIT cs183/views/default/index.html: 0
[2015-03-01 23:03:19] EDIT cs183/views/default/index.html: 0
[2015-03-01 23:03:40] EDIT cs183/views/default/index.html: 0
[2015-03-01 23:03:42] EDIT cs183/views/default/index.html: 0
[2015-03-01 23:04:12] EDIT cs183/views/default/index.html: 1
[2015-03-01 23:04:47] EDIT cs183/views/default/index.html: 1
[2015-03-01 23:04:54] EDIT cs183/views/default/index.html: 0
[2015-03-01 23:07:17] EDIT cs183/views/default/index.html: 0
[2015-03-01 23:07:39] EDIT cs183/views/default/index.html: 0
[2015-03-01 23:08:00] EDIT cs183/views/default/index.html: 0
[2015-03-01 23:08:17] EDIT cs183/views/default/index.html: 0
[2015-03-01 23:08:36] EDIT cs183/views/default/index.html: 0
[2015-03-01 23:08:48] EDIT cs183/views/default/index.html: 0
[2015-03-01 23:08:52] EDIT cs183/views/default/index.html: 0
[2015-03-01 23:11:27] EDIT cs183/views/default/index.html: 1
[2015-03-01 23:11:59] EDIT cs183/views/default/index.html: 1
[2015-03-01 23:14:39] EDIT cs183/views/layout.html: 1
[2015-03-01 23:14:58] EDIT cs183/views/layout.html: 0
[2015-03-01 23:14:59] EDIT cs183/views/layout.html: 0
[2015-03-01 23:15:14] EDIT cs183/views/layout.html: 0
[2015-03-01 23:15:27] EDIT cs183/views/layout.html: 0
[2015-03-01 23:15:44] EDIT cs183/views/layout.html: 0
[2015-03-01 23:15:51] EDIT cs183/views/layout.html: 0
[2015-03-01 23:16:03] EDIT cs183/views/layout.html: 0
